<?xml version="1.0" encoding="UTF-8"?>
<!-- Generated by org.testng.reporters.JUnitReportReporter -->
<testsuite hostname="exactpro-nb156" failures="0" tests="2" name="com.actitime.qa.testcases.HomePageTest" time="41.467" errors="0" timestamp="31 May 2023 05:35:32 GMT" skipped="0">
  <testcase classname="com.actitime.qa.testcases.HomePageTest" name="homePageLogoTest" time="20.953"/>
  <testcase classname="com.actitime.qa.testcases.HomePageTest" name="homePageTaskLinkTest" time="20.514"/>
</testsuite> <!-- com.actitime.qa.testcases.HomePageTest -->
