<?xml version="1.0" encoding="UTF-8"?>
<!-- Generated by org.testng.reporters.JUnitReportReporter -->
<testsuite hostname="exactpro-nb156" failures="0" tests="3" name="com.actitime.qa.testcases.LogonPageTest" time="34.715" errors="0" timestamp="31 May 2023 05:35:32 GMT" skipped="0">
  <testcase classname="com.actitime.qa.testcases.LogonPageTest" name="loginPageLogoTest" time="11.596"/>
  <testcase classname="com.actitime.qa.testcases.LogonPageTest" name="LoginTest" time="10.458"/>
  <testcase classname="com.actitime.qa.testcases.LogonPageTest" name="LoginTest" time="12.661"/>
</testsuite> <!-- com.actitime.qa.testcases.LogonPageTest -->
