<?xml version="1.0" encoding="UTF-8"?>
<!-- Generated by org.testng.reporters.JUnitReportReporter -->
<testsuite hostname="exactpro-nb156" failures="0" tests="3" name="com.actitime.qa.testcases.LogonPageTest" time="35.563" errors="0" timestamp="31 May 2023 05:37:02 GMT" skipped="0">
  <testcase classname="com.actitime.qa.testcases.LogonPageTest" name="loginPageLogoTest" time="12.339"/>
  <testcase classname="com.actitime.qa.testcases.LogonPageTest" name="LoginTest" time="11.985"/>
  <testcase classname="com.actitime.qa.testcases.LogonPageTest" name="LoginTest" time="11.239"/>
</testsuite> <!-- com.actitime.qa.testcases.LogonPageTest -->
