<?xml version="1.0" encoding="UTF-8"?>
<!-- Generated by org.testng.reporters.JUnitReportReporter -->
<testsuite hostname="exactpro-nb156" failures="0" tests="2" name="com.actitime.qa.testcases.HomePageTest" time="36.129" errors="0" timestamp="31 May 2023 05:37:02 GMT" skipped="0">
  <testcase classname="com.actitime.qa.testcases.HomePageTest" name="homePageLogoTest" time="18.038"/>
  <testcase classname="com.actitime.qa.testcases.HomePageTest" name="homePageTaskLinkTest" time="18.091"/>
</testsuite> <!-- com.actitime.qa.testcases.HomePageTest -->
